<?xml version="1.0" encoding="UTF-8"?>
<testsuite xmlns:xsi="http://www.w3.org/2001/XMLSchema-instance" xsi:noNamespaceSchemaLocation="https://maven.apache.org/surefire/maven-surefire-plugin/xsd/surefire-test-report.xsd" name="net.consensys.eventeum.chain.service.DefaultEventBlockManagementServiceTest" time="0.1" tests="5" errors="0" skipped="0" failures="0">
  <properties>
[...]
</properties>
  <testcase name="testUpdateAndGetHigherMatch" classname="net.consensys.eventeum.chain.service.DefaultEventBlockManagementServiceTest" time="0.097"/>
  <testcase name="testUpdateAndGetNoMatch" classname="net.consensys.eventeum.chain.service.DefaultEventBlockManagementServiceTest" time="0.001"/>
  <testcase name="testUpdateAndGetLowerMatch" classname="net.consensys.eventeum.chain.service.DefaultEventBlockManagementServiceTest" time="0"/>
  <testcase name="testGetNoLocalMatchButHitInEventStore" classname="net.consensys.eventeum.chain.service.DefaultEventBlockManagementServiceTest" time="0.001"/>
  <testcase name="testGetNoLocalMatchAndNoHitInEventStore" classname="net.consensys.eventeum.chain.service.DefaultEventBlockManagementServiceTest" time="0.001"/>
</testsuite>